<?xml version="1.0" encoding="UTF-8"?>
<testng-results ignored="0" total="1" passed="1" failed="0" skipped="0">
  <reporter-output>
  </reporter-output>
  <suite started-at="2025-03-08T12:43:52 IST" name="Default suite" finished-at="2025-03-08T12:44:08 IST" duration-ms="16077">
    <groups>
    </groups>
    <test started-at="2025-03-08T12:43:52 IST" name="Default test" finished-at="2025-03-08T12:44:08 IST" duration-ms="16077">
      <class name="com.naukriUpdate.Login">
        <test-method is-config="true" signature="naukriLogin(org.testng.ITestResult)[pri:0, instance:com.naukriUpdate.Login@15ff3e9e]" started-at="2025-03-08T12:43:52 IST" name="naukriLogin" finished-at="2025-03-08T12:43:58 IST" duration-ms="5466" status="PASS">
          <params>
            <param index="0">
              <value>
                <![CDATA[[TestResult name={null} status=CREATED method=Login.loginToNaukri()[pri:0, instance:com.naukriUpdate.Login@15ff3e9e] output={null}]]]>
              </value>
            </param>
          </params>
          <reporter-output>
          </reporter-output>
        </test-method> <!-- naukriLogin -->
        <test-method signature="loginToNaukri()[pri:0, instance:com.naukriUpdate.Login@15ff3e9e]" started-at="2025-03-08T12:43:58 IST" name="loginToNaukri" finished-at="2025-03-08T12:44:05 IST" duration-ms="7518" status="PASS">
          <reporter-output>
          </reporter-output>
        </test-method> <!-- loginToNaukri -->
        <test-method is-config="true" signature="naukriLogout()[pri:0, instance:com.naukriUpdate.Login@15ff3e9e]" started-at="2025-03-08T12:44:06 IST" name="naukriLogout" finished-at="2025-03-08T12:44:08 IST" duration-ms="2281" status="PASS">
          <reporter-output>
          </reporter-output>
        </test-method> <!-- naukriLogout -->
      </class> <!-- com.naukriUpdate.Login -->
    </test> <!-- Default test -->
  </suite> <!-- Default suite -->
</testng-results>
